<?xml version="1.0" encoding="UTF-8"?>
<testsuite xmlns:xsi="http://www.w3.org/2001/XMLSchema-instance" xsi:noNamespaceSchemaLocation="https://maven.apache.org/surefire/maven-surefire-plugin/xsd/surefire-test-report.xsd" name="Runner.Runner" time="33.899" tests="20" errors="0" skipped="0" failures="0">
  <properties>
[...]
</properties>
  <testcase name="Given User is able to launch the application" classname="Scenario: User is able to add new computer in computer database" time="0.002"/>
  <testcase name="When User click on add button and fill computer details and click create button" classname="Scenario: User is able to add new computer in computer database" time="0.003"/>
  <testcase name="Then Computer is added in database" classname="Scenario: User is able to add new computer in computer database" time="0"/>
  <testcase name="Scenario: User is able to add new computer in computer database" classname="Scenario: User is able to add new computer in computer database" time="0.088"/>
  <testcase name="Given User is able to launch the application" classname="Scenario: User is able to click cancel button and computer is not created" time="0"/>
  <testcase name="When User click on add button and fill computer details and click cancel button" classname="Scenario: User is able to click cancel button and computer is not created" time="0"/>
  <testcase name="Then Computer is not added in database" classname="Scenario: User is able to click cancel button and computer is not created" time="0"/>
  <testcase name="Scenario: User is able to click cancel button and computer is not created" classname="Scenario: User is able to click cancel button and computer is not created" time="0.084"/>
  <testcase name="Given Computer is present in computer database list" classname="Scenario: Delete the computer from computer database list" time="0"/>
  <testcase name="When User click on delete button" classname="Scenario: Delete the computer from computer database list" time="0"/>
  <testcase name="Then User get deleted from computer list" classname="Scenario: Delete the computer from computer database list" time="0"/>
  <testcase name="Scenario: Delete the computer from computer database list" classname="Scenario: Delete the computer from computer database list" time="0.081"/>
  <testcase name="Given Computer is present in computer database" classname="Scenario: User is able to edit details of Computer" time="0"/>
  <testcase name="When User edit the details of computer" classname="Scenario: User is able to edit details of Computer" time="0"/>
  <testcase name="Then New details should be added" classname="Scenario: User is able to edit details of Computer" time="0"/>
  <testcase name="Scenario: User is able to edit details of Computer" classname="Scenario: User is able to edit details of Computer" time="0.092"/>
  <testcase name="Given Computer is in database" classname="Scenario: User able to view details of computer" time="0"/>
  <testcase name="When User click on computer in computer database list" classname="Scenario: User able to view details of computer" time="0"/>
  <testcase name="Then User is able to see the details of computer" classname="Scenario: User able to view details of computer" time="0"/>
  <testcase name="Scenario: User able to view details of computer" classname="Scenario: User able to view details of computer" time="0.086"/>
</testsuite>